# JRE version: OpenJDK Runtime Environment (8.0_242) (build 1.8.0_242-release-1644-b3-6222593)
# Java VM: OpenJDK 64-Bit Server VM (25.242-b3-6222593 mixed mode bsd-amd64 compressed oops)
Heap:
 PSYoungGen      total 158208K, used 14910K [0x00000007a0000000, 0x00000007ad900000, 0x00000007c0000000)
  eden space 145920K, 10% used [0x00000007a0000000,0x00000007a0e8f9a8,0x00000007a8e80000)
  from space 12288K, 0% used [0x00000007a9b00000,0x00000007a9b00000,0x00000007aa700000)
  to   space 12800K, 0% used [0x00000007a8e80000,0x00000007a8e80000,0x00000007a9b00000)
 ParOldGen       total 99840K, used 16300K [0x0000000760000000, 0x0000000766180000, 0x00000007a0000000)
  object space 99840K, 16% used [0x0000000760000000,0x0000000760feb058,0x0000000766180000)
 Metaspace       used 35406K, capacity 36318K, committed 36608K, reserved 1081344K
  class space    used 4873K, capacity 5104K, committed 5120K, reserved 1048576K
GC Heap History (10 events):
Event: 3.526 GC heap before
{Heap before GC invocations=6 (full 1):
 PSYoungGen      total 71680K, used 5108K [0x00000007a0000000, 0x00000007a9900000, 0x00000007c0000000)
  eden space 66560K, 0% used [0x00000007a0000000,0x00000007a0000000,0x00000007a4100000)
  from space 5120K, 99% used [0x00000007a4100000,0x00000007a45fd060,0x00000007a4600000)
  to   space 11776K, 0% used [0x00000007a8d80000,0x00000007a8d80000,0x00000007a9900000)
 ParOldGen       total 87552K, used 10269K [0x0000000760000000, 0x0000000765580000, 0x00000007a0000000)
  object space 87552K, 11% used [0x0000000760000000,0x0000000760a07440,0x0000000765580000)
 Metaspace       used 20613K, capacity 21054K, committed 21296K, reserved 1067008K
  class space    used 2931K, capacity 3073K, committed 3200K, reserved 1048576K
Event: 3.581 GC heap after
Heap after GC invocations=6 (full 1):
 PSYoungGen      total 71680K, used 0K [0x00000007a0000000, 0x00000007a9900000, 0x00000007c0000000)
  eden space 66560K, 0% used [0x00000007a0000000,0x00000007a0000000,0x00000007a4100000)
  from space 5120K, 0% used [0x00000007a4100000,0x00000007a4100000,0x00000007a4600000)
  to   space 11776K, 0% used [0x00000007a8d80000,0x00000007a8d80000,0x00000007a9900000)
 ParOldGen       total 66048K, used 10736K [0x0000000760000000, 0x0000000764080000, 0x00000007a0000000)
  object space 66048K, 16% used [0x0000000760000000,0x0000000760a7c178,0x0000000764080000)
 Metaspace       used 20613K, capacity 21054K, committed 21296K, reserved 1067008K
  class space    used 2931K, capacity 3073K, committed 3200K, reserved 1048576K
}
Event: 4.861 GC heap before
{Heap before GC invocations=7 (full 1):
 PSYoungGen      total 71680K, used 66560K [0x00000007a0000000, 0x00000007a9900000, 0x00000007c0000000)
  eden space 66560K, 100% used [0x00000007a0000000,0x00000007a4100000,0x00000007a4100000)
  from space 5120K, 0% used [0x00000007a4100000,0x00000007a4100000,0x00000007a4600000)
  to   space 11776K, 0% used [0x00000007a8d80000,0x00000007a8d80000,0x00000007a9900000)
 ParOldGen       total 66048K, used 10736K [0x0000000760000000, 0x0000000764080000, 0x00000007a0000000)
  object space 66048K, 16% used [0x0000000760000000,0x0000000760a7c178,0x0000000764080000)
 Metaspace       used 28589K, capacity 29152K, committed 29440K, reserved 1075200K
  class space    used 3843K, capacity 4015K, committed 4096K, reserved 1048576K
Event: 4.872 GC heap after
Heap after GC invocations=7 (full 1):
 PSYoungGen      total 107520K, used 7710K [0x00000007a0000000, 0x00000007a9580000, 0x00000007c0000000)
  eden space 99328K, 0% used [0x00000007a0000000,0x00000007a0000000,0x00000007a6100000)
  from space 8192K, 94% used [0x00000007a8d80000,0x00000007a95078d8,0x00000007a9580000)
  to   space 11264K, 0% used [0x00000007a7f80000,0x00000007a7f80000,0x00000007a8a80000)
 ParOldGen       total 66048K, used 10744K [0x0000000760000000, 0x0000000764080000, 0x00000007a0000000)
  object space 66048K, 16% used [0x0000000760000000,0x0000000760a7e178,0x0000000764080000)
 Metaspace       used 28589K, capacity 29152K, committed 29440K, reserved 1075200K
  class space    used 3843K, capacity 4015K, committed 4096K, reserved 1048576K
}
Event: 6.348 GC heap before
{Heap before GC invocations=8 (full 1):
 PSYoungGen      total 107520K, used 107038K [0x00000007a0000000, 0x00000007a9580000, 0x00000007c0000000)
  eden space 99328K, 100% used [0x00000007a0000000,0x00000007a6100000,0x00000007a6100000)
  from space 8192K, 94% used [0x00000007a8d80000,0x00000007a95078d8,0x00000007a9580000)
  to   space 11264K, 0% used [0x00000007a7f80000,0x00000007a7f80000,0x00000007a8a80000)
 ParOldGen       total 66048K, used 10744K [0x0000000760000000, 0x0000000764080000, 0x00000007a0000000)
  object space 66048K, 16% used [0x0000000760000000,0x0000000760a7e178,0x0000000764080000)
 Metaspace       used 33045K, capacity 33602K, committed 33920K, reserved 1079296K
  class space    used 4524K, capacity 4694K, committed 4736K, reserved 1048576K
Event: 6.364 GC heap after
Heap after GC invocations=8 (full 1):
 PSYoungGen      total 141824K, used 10162K [0x00000007a0000000, 0x00000007aa700000, 0x00000007c0000000)
  eden space 130560K, 0% used [0x00000007a0000000,0x00000007a0000000,0x00000007a7f80000)
  from space 11264K, 90% used [0x00000007a7f80000,0x00000007a896c998,0x00000007a8a80000)
  to   space 12288K, 0% used [0x00000007a9b00000,0x00000007a9b00000,0x00000007aa700000)
 ParOldGen       total 66048K, used 10752K [0x0000000760000000, 0x0000000764080000, 0x00000007a0000000)
  object space 66048K, 16% used [0x0000000760000000,0x0000000760a80178,0x0000000764080000)
 Metaspace       used 33045K, capacity 33602K, committed 33920K, reserved 1079296K
  class space    used 4524K, capacity 4694K, committed 4736K, reserved 1048576K
}
Event: 7.237 GC heap before
{Heap before GC invocations=9 (full 1):
 PSYoungGen      total 141824K, used 49432K [0x00000007a0000000, 0x00000007aa700000, 0x00000007c0000000)
  eden space 130560K, 30% used [0x00000007a0000000,0x00000007a26599e0,0x00000007a7f80000)
  from space 11264K, 90% used [0x00000007a7f80000,0x00000007a896c998,0x00000007a8a80000)
  to   space 12288K, 0% used [0x00000007a9b00000,0x00000007a9b00000,0x00000007aa700000)
 ParOldGen       total 66048K, used 10752K [0x0000000760000000, 0x0000000764080000, 0x00000007a0000000)
  object space 66048K, 16% used [0x0000000760000000,0x0000000760a80178,0x0000000764080000)
 Metaspace       used 34482K, capacity 35344K, committed 35456K, reserved 1079296K
  class space    used 4750K, capacity 4934K, committed 4992K, reserved 1048576K
Event: 7.256 GC heap after
Heap after GC invocations=9 (full 1):
 PSYoungGen      total 158208K, used 9591K [0x00000007a0000000, 0x00000007ad900000, 0x00000007c0000000)
  eden space 145920K, 0% used [0x00000007a0000000,0x00000007a0000000,0x00000007a8e80000)
  from space 12288K, 78% used [0x00000007a9b00000,0x00000007aa45de90,0x00000007aa700000)
  to   space 12800K, 0% used [0x00000007a8e80000,0x00000007a8e80000,0x00000007a9b00000)
 ParOldGen       total 66048K, used 10760K [0x0000000760000000, 0x0000000764080000, 0x00000007a0000000)
  object space 66048K, 16% used [0x0000000760000000,0x0000000760a82178,0x0000000764080000)
 Metaspace       used 34482K, capacity 35344K, committed 35456K, reserved 1079296K
  class space    used 4750K, capacity 4934K, committed 4992K, reserved 1048576K
}
Event: 7.256 GC heap before
{Heap before GC invocations=10 (full 2):
 PSYoungGen      total 158208K, used 9591K [0x00000007a0000000, 0x00000007ad900000, 0x00000007c0000000)
  eden space 145920K, 0% used [0x00000007a0000000,0x00000007a0000000,0x00000007a8e80000)
  from space 12288K, 78% used [0x00000007a9b00000,0x00000007aa45de90,0x00000007aa700000)
  to   space 12800K, 0% used [0x00000007a8e80000,0x00000007a8e80000,0x00000007a9b00000)
 ParOldGen       total 66048K, used 10760K [0x0000000760000000, 0x0000000764080000, 0x00000007a0000000)
  object space 66048K, 16% used [0x0000000760000000,0x0000000760a82178,0x0000000764080000)
 Metaspace       used 34482K, capacity 35344K, committed 35456K, reserved 1079296K
  class space    used 4750K, capacity 4934K, committed 4992K, reserved 1048576K
Event: 7.364 GC heap after
Heap after GC invocations=10 (full 2):
 PSYoungGen      total 158208K, used 0K [0x00000007a0000000, 0x00000007ad900000, 0x00000007c0000000)
  eden space 145920K, 0% used [0x00000007a0000000,0x00000007a0000000,0x00000007a8e80000)
  from space 12288K, 0% used [0x00000007a9b00000,0x00000007a9b00000,0x00000007aa700000)
  to   space 12800K, 0% used [0x00000007a8e80000,0x00000007a8e80000,0x00000007a9b00000)
 ParOldGen       total 99840K, used 16300K [0x0000000760000000, 0x0000000766180000, 0x00000007a0000000)
  object space 99840K, 16% used [0x0000000760000000,0x0000000760feb058,0x0000000766180000)
 Metaspace       used 34466K, capacity 35290K, committed 35456K, reserved 1079296K
  class space    used 4745K, capacity 4925K, committed 4992K, reserved 1048576K
}

