# JRE version: OpenJDK Runtime Environment (8.0_242) (build 1.8.0_242-release-1644-b3-6222593)
# Java VM: OpenJDK 64-Bit Server VM (25.242-b3-6222593 mixed mode bsd-amd64 compressed oops)
Heap:
 PSYoungGen      total 393728K, used 90614K [0x00000007a0000000, 0x00000007bdb00000, 0x00000007c0000000)
  eden space 329216K, 15% used [0x00000007a0000000,0x00000007a30f40f8,0x00000007b4180000)
  from space 64512K, 62% used [0x00000007b4180000,0x00000007b6909900,0x00000007b8080000)
  to   space 65536K, 0% used [0x00000007b9b00000,0x00000007b9b00000,0x00000007bdb00000)
 ParOldGen       total 308224K, used 172675K [0x0000000760000000, 0x0000000772d00000, 0x00000007a0000000)
  object space 308224K, 56% used [0x0000000760000000,0x000000076a8a0e58,0x0000000772d00000)
 Metaspace       used 124514K, capacity 132566K, committed 132736K, reserved 1165312K
  class space    used 15493K, capacity 17176K, committed 17280K, reserved 1048576K
GC Heap History (10 events):
Event: 3707.700 GC heap before
{Heap before GC invocations=48 (full 5):
 PSYoungGen      total 429568K, used 383449K [0x00000007a0000000, 0x00000007c0000000, 0x00000007c0000000)
  eden space 350208K, 100% used [0x00000007a0000000,0x00000007b5600000,0x00000007b5600000)
  from space 79360K, 41% used [0x00000007ba000000,0x00000007bc0767e8,0x00000007bed80000)
  to   space 75776K, 0% used [0x00000007b5600000,0x00000007b5600000,0x00000007ba000000)
 ParOldGen       total 308224K, used 172635K [0x0000000760000000, 0x0000000772d00000, 0x00000007a0000000)
  object space 308224K, 56% used [0x0000000760000000,0x000000076a896e58,0x0000000772d00000)
 Metaspace       used 117087K, capacity 123778K, committed 123904K, reserved 1157120K
  class space    used 14586K, capacity 16026K, committed 16128K, reserved 1048576K
Event: 3707.748 GC heap after
Heap after GC invocations=48 (full 5):
 PSYoungGen      total 425984K, used 22205K [0x00000007a0000000, 0x00000007bf580000, 0x00000007c0000000)
  eden space 350208K, 0% used [0x00000007a0000000,0x00000007a0000000,0x00000007b5600000)
  from space 75776K, 29% used [0x00000007b5600000,0x00000007b6baf488,0x00000007ba000000)
  to   space 72192K, 0% used [0x00000007baf00000,0x00000007baf00000,0x00000007bf580000)
 ParOldGen       total 308224K, used 172643K [0x0000000760000000, 0x0000000772d00000, 0x00000007a0000000)
  object space 308224K, 56% used [0x0000000760000000,0x000000076a898e58,0x0000000772d00000)
 Metaspace       used 117087K, capacity 123778K, committed 123904K, reserved 1157120K
  class space    used 14586K, capacity 16026K, committed 16128K, reserved 1048576K
}
Event: 4106.026 GC heap before
{Heap before GC invocations=49 (full 5):
 PSYoungGen      total 425984K, used 372413K [0x00000007a0000000, 0x00000007bf580000, 0x00000007c0000000)
  eden space 350208K, 100% used [0x00000007a0000000,0x00000007b5600000,0x00000007b5600000)
  from space 75776K, 29% used [0x00000007b5600000,0x00000007b6baf488,0x00000007ba000000)
  to   space 72192K, 0% used [0x00000007baf00000,0x00000007baf00000,0x00000007bf580000)
 ParOldGen       total 308224K, used 172643K [0x0000000760000000, 0x0000000772d00000, 0x00000007a0000000)
  object space 308224K, 56% used [0x0000000760000000,0x000000076a898e58,0x0000000772d00000)
 Metaspace       used 118250K, capacity 125048K, committed 125312K, reserved 1159168K
  class space    used 14693K, capacity 16167K, committed 16256K, reserved 1048576K
Event: 4106.141 GC heap after
Heap after GC invocations=49 (full 5):
 PSYoungGen      total 371712K, used 28163K [0x00000007a0000000, 0x00000007bcf80000, 0x00000007c0000000)
  eden space 338432K, 0% used [0x00000007a0000000,0x00000007a0000000,0x00000007b4a80000)
  from space 33280K, 84% used [0x00000007baf00000,0x00000007bca80ff0,0x00000007bcf80000)
  to   space 68096K, 0% used [0x00000007b4a80000,0x00000007b4a80000,0x00000007b8d00000)
 ParOldGen       total 308224K, used 172651K [0x0000000760000000, 0x0000000772d00000, 0x00000007a0000000)
  object space 308224K, 56% used [0x0000000760000000,0x000000076a89ae58,0x0000000772d00000)
 Metaspace       used 118250K, capacity 125048K, committed 125312K, reserved 1159168K
  class space    used 14693K, capacity 16167K, committed 16256K, reserved 1048576K
}
Event: 4143.596 GC heap before
{Heap before GC invocations=50 (full 5):
 PSYoungGen      total 371712K, used 366595K [0x00000007a0000000, 0x00000007bcf80000, 0x00000007c0000000)
  eden space 338432K, 100% used [0x00000007a0000000,0x00000007b4a80000,0x00000007b4a80000)
  from space 33280K, 84% used [0x00000007baf00000,0x00000007bca80ff0,0x00000007bcf80000)
  to   space 68096K, 0% used [0x00000007b4a80000,0x00000007b4a80000,0x00000007b8d00000)
 ParOldGen       total 308224K, used 172651K [0x0000000760000000, 0x0000000772d00000, 0x00000007a0000000)
  object space 308224K, 56% used [0x0000000760000000,0x000000076a89ae58,0x0000000772d00000)
 Metaspace       used 118333K, capacity 125166K, committed 125312K, reserved 1159168K
  class space    used 14699K, capacity 16176K, committed 16256K, reserved 1048576K
Event: 4143.659 GC heap after
Heap after GC invocations=50 (full 5):
 PSYoungGen      total 342016K, used 14504K [0x00000007a0000000, 0x00000007bc180000, 0x00000007c0000000)
  eden space 327168K, 0% used [0x00000007a0000000,0x00000007a0000000,0x00000007b3f80000)
  from space 14848K, 97% used [0x00000007b4a80000,0x00000007b58aa1d0,0x00000007b5900000)
  to   space 66560K, 0% used [0x00000007b8080000,0x00000007b8080000,0x00000007bc180000)
 ParOldGen       total 308224K, used 172659K [0x0000000760000000, 0x0000000772d00000, 0x00000007a0000000)
  object space 308224K, 56% used [0x0000000760000000,0x000000076a89ce58,0x0000000772d00000)
 Metaspace       used 118333K, capacity 125166K, committed 125312K, reserved 1159168K
  class space    used 14699K, capacity 16176K, committed 16256K, reserved 1048576K
}
Event: 4146.803 GC heap before
{Heap before GC invocations=51 (full 5):
 PSYoungGen      total 342016K, used 341672K [0x00000007a0000000, 0x00000007bc180000, 0x00000007c0000000)
  eden space 327168K, 100% used [0x00000007a0000000,0x00000007b3f80000,0x00000007b3f80000)
  from space 14848K, 97% used [0x00000007b4a80000,0x00000007b58aa1d0,0x00000007b5900000)
  to   space 66560K, 0% used [0x00000007b8080000,0x00000007b8080000,0x00000007bc180000)
 ParOldGen       total 308224K, used 172659K [0x0000000760000000, 0x0000000772d00000, 0x00000007a0000000)
  object space 308224K, 56% used [0x0000000760000000,0x000000076a89ce58,0x0000000772d00000)
 Metaspace       used 119389K, capacity 126276K, committed 126464K, reserved 1159168K
  class space    used 14804K, capacity 16313K, committed 16384K, reserved 1048576K
Event: 4146.902 GC heap after
Heap after GC invocations=51 (full 5):
 PSYoungGen      total 395776K, used 32707K [0x00000007a0000000, 0x00000007bdc00000, 0x00000007c0000000)
  eden space 329216K, 0% used [0x00000007a0000000,0x00000007a0000000,0x00000007b4180000)
  from space 66560K, 49% used [0x00000007b8080000,0x00000007ba070ea0,0x00000007bc180000)
  to   space 64512K, 0% used [0x00000007b4180000,0x00000007b4180000,0x00000007b8080000)
 ParOldGen       total 308224K, used 172667K [0x0000000760000000, 0x0000000772d00000, 0x00000007a0000000)
  object space 308224K, 56% used [0x0000000760000000,0x000000076a89ee58,0x0000000772d00000)
 Metaspace       used 119389K, capacity 126276K, committed 126464K, reserved 1159168K
  class space    used 14804K, capacity 16313K, committed 16384K, reserved 1048576K
}
Event: 5004.947 GC heap before
{Heap before GC invocations=52 (full 5):
 PSYoungGen      total 395776K, used 361923K [0x00000007a0000000, 0x00000007bdc00000, 0x00000007c0000000)
  eden space 329216K, 100% used [0x00000007a0000000,0x00000007b4180000,0x00000007b4180000)
  from space 66560K, 49% used [0x00000007b8080000,0x00000007ba070ea0,0x00000007bc180000)
  to   space 64512K, 0% used [0x00000007b4180000,0x00000007b4180000,0x00000007b8080000)
 ParOldGen       total 308224K, used 172667K [0x0000000760000000, 0x0000000772d00000, 0x00000007a0000000)
  object space 308224K, 56% used [0x0000000760000000,0x000000076a89ee58,0x0000000772d00000)
 Metaspace       used 124511K, capacity 132566K, committed 132736K, reserved 1165312K
  class space    used 15493K, capacity 17176K, committed 17280K, reserved 1048576K
Event: 5005.081 GC heap after
Heap after GC invocations=52 (full 5):
 PSYoungGen      total 393728K, used 40486K [0x00000007a0000000, 0x00000007bdb00000, 0x00000007c0000000)
  eden space 329216K, 0% used [0x00000007a0000000,0x00000007a0000000,0x00000007b4180000)
  from space 64512K, 62% used [0x00000007b4180000,0x00000007b6909900,0x00000007b8080000)
  to   space 65536K, 0% used [0x00000007b9b00000,0x00000007b9b00000,0x00000007bdb00000)
 ParOldGen       total 308224K, used 172675K [0x0000000760000000, 0x0000000772d00000, 0x00000007a0000000)
  object space 308224K, 56% used [0x0000000760000000,0x000000076a8a0e58,0x0000000772d00000)
 Metaspace       used 124511K, capacity 132566K, committed 132736K, reserved 1165312K
  class space    used 15493K, capacity 17176K, committed 17280K, reserved 1048576K
}

