# JRE version: OpenJDK Runtime Environment (8.0_242) (build 1.8.0_242-release-1644-b3-6222593)
# Java VM: OpenJDK 64-Bit Server VM (25.242-b3-6222593 mixed mode bsd-amd64 compressed oops)
Heap:
 PSYoungGen      total 344064K, used 176010K [0x00000007a0000000, 0x00000007c0000000, 0x00000007c0000000)
  eden space 278528K, 63% used [0x00000007a0000000,0x00000007aabe2ae8,0x00000007b1000000)
  from space 65536K, 0% used [0x00000007bc000000,0x00000007bc000000,0x00000007c0000000)
  to   space 122880K, 0% used [0x00000007b1000000,0x00000007b1000000,0x00000007b8800000)
 ParOldGen       total 477184K, used 267966K [0x0000000760000000, 0x000000077d200000, 0x00000007a0000000)
  object space 477184K, 56% used [0x0000000760000000,0x00000007705afb18,0x000000077d200000)
 Metaspace       used 101105K, capacity 108366K, committed 142592K, reserved 1173504K
  class space    used 12591K, capacity 13845K, committed 18176K, reserved 1048576K
GC Heap History (10 events):
Event: 11692.767 GC heap before
{Heap before GC invocations=137 (full 5):
 PSYoungGen      total 438272K, used 412654K [0x00000007a0000000, 0x00000007bf880000, 0x00000007c0000000)
  eden space 391168K, 99% used [0x00000007a0000000,0x00000007b7c96f90,0x00000007b7e00000)
  from space 47104K, 48% used [0x00000007b7e00000,0x00000007b9464b00,0x00000007bac00000)
  to   space 45056K, 0% used [0x00000007bcc80000,0x00000007bcc80000,0x00000007bf880000)
 ParOldGen       total 237056K, used 188620K [0x0000000760000000, 0x000000076e780000, 0x00000007a0000000)
  object space 237056K, 79% used [0x0000000760000000,0x000000076b833060,0x000000076e780000)
 Metaspace       used 132757K, capacity 142268K, committed 142592K, reserved 1173504K
  class space    used 15787K, capacity 18056K, committed 18176K, reserved 1048576K
Event: 11693.051 GC heap after
Heap after GC invocations=137 (full 5):
 PSYoungGen      total 438272K, used 45031K [0x00000007a0000000, 0x00000007c0000000, 0x00000007c0000000)
  eden space 393216K, 0% used [0x00000007a0000000,0x00000007a0000000,0x00000007b8000000)
  from space 45056K, 99% used [0x00000007bcc80000,0x00000007bf879dd8,0x00000007bf880000)
  to   space 65536K, 0% used [0x00000007b8000000,0x00000007b8000000,0x00000007bc000000)
 ParOldGen       total 237056K, used 228104K [0x0000000760000000, 0x000000076e780000, 0x00000007a0000000)
  object space 237056K, 96% used [0x0000000760000000,0x000000076dec2080,0x000000076e780000)
 Metaspace       used 132757K, capacity 142268K, committed 142592K, reserved 1173504K
  class space    used 15787K, capacity 18056K, committed 18176K, reserved 1048576K
}
Event: 11693.051 GC heap before
{Heap before GC invocations=138 (full 6):
 PSYoungGen      total 438272K, used 45031K [0x00000007a0000000, 0x00000007c0000000, 0x00000007c0000000)
  eden space 393216K, 0% used [0x00000007a0000000,0x00000007a0000000,0x00000007b8000000)
  from space 45056K, 99% used [0x00000007bcc80000,0x00000007bf879dd8,0x00000007bf880000)
  to   space 65536K, 0% used [0x00000007b8000000,0x00000007b8000000,0x00000007bc000000)
 ParOldGen       total 237056K, used 228104K [0x0000000760000000, 0x000000076e780000, 0x00000007a0000000)
  object space 237056K, 96% used [0x0000000760000000,0x000000076dec2080,0x000000076e780000)
 Metaspace       used 132757K, capacity 142268K, committed 142592K, reserved 1173504K
  class space    used 15787K, capacity 18056K, committed 18176K, reserved 1048576K
Event: 11694.623 GC heap after
Heap after GC invocations=138 (full 6):
 PSYoungGen      total 438272K, used 0K [0x00000007a0000000, 0x00000007c0000000, 0x00000007c0000000)
  eden space 393216K, 0% used [0x00000007a0000000,0x00000007a0000000,0x00000007b8000000)
  from space 45056K, 0% used [0x00000007bcc80000,0x00000007bcc80000,0x00000007bf880000)
  to   space 65536K, 0% used [0x00000007b8000000,0x00000007b8000000,0x00000007bc000000)
 ParOldGen       total 312320K, used 162132K [0x0000000760000000, 0x0000000773100000, 0x00000007a0000000)
  object space 312320K, 51% used [0x0000000760000000,0x0000000769e55108,0x0000000773100000)
 Metaspace       used 100410K, capacity 107526K, committed 142592K, reserved 1173504K
  class space    used 12497K, capacity 13731K, committed 18176K, reserved 1048576K
}
Event: 11697.969 GC heap before
{Heap before GC invocations=139 (full 6):
 PSYoungGen      total 438272K, used 393216K [0x00000007a0000000, 0x00000007c0000000, 0x00000007c0000000)
  eden space 393216K, 100% used [0x00000007a0000000,0x00000007b8000000,0x00000007b8000000)
  from space 45056K, 0% used [0x00000007bcc80000,0x00000007bcc80000,0x00000007bf880000)
  to   space 65536K, 0% used [0x00000007b8000000,0x00000007b8000000,0x00000007bc000000)
 ParOldGen       total 312320K, used 162132K [0x0000000760000000, 0x0000000773100000, 0x00000007a0000000)
  object space 312320K, 51% used [0x0000000760000000,0x0000000769e55108,0x0000000773100000)
 Metaspace       used 100573K, capacity 107740K, committed 142592K, reserved 1173504K
  class space    used 12524K, capacity 13776K, committed 18176K, reserved 1048576K
Event: 11698.132 GC heap after
Heap after GC invocations=139 (full 6):
 PSYoungGen      total 458752K, used 65508K [0x00000007a0000000, 0x00000007c0000000, 0x00000007c0000000)
  eden space 393216K, 0% used [0x00000007a0000000,0x00000007a0000000,0x00000007b8000000)
  from space 65536K, 99% used [0x00000007b8000000,0x00000007bbff9200,0x00000007bc000000)
  to   space 65536K, 0% used [0x00000007bc000000,0x00000007bc000000,0x00000007c0000000)
 ParOldGen       total 312320K, used 171840K [0x0000000760000000, 0x0000000773100000, 0x00000007a0000000)
  object space 312320K, 55% used [0x0000000760000000,0x000000076a7d00e0,0x0000000773100000)
 Metaspace       used 100573K, capacity 107740K, committed 142592K, reserved 1173504K
  class space    used 12524K, capacity 13776K, committed 18176K, reserved 1048576K
}
Event: 11700.150 GC heap before
{Heap before GC invocations=140 (full 6):
 PSYoungGen      total 458752K, used 458724K [0x00000007a0000000, 0x00000007c0000000, 0x00000007c0000000)
  eden space 393216K, 100% used [0x00000007a0000000,0x00000007b8000000,0x00000007b8000000)
  from space 65536K, 99% used [0x00000007b8000000,0x00000007bbff9200,0x00000007bc000000)
  to   space 65536K, 0% used [0x00000007bc000000,0x00000007bc000000,0x00000007c0000000)
 ParOldGen       total 312320K, used 171840K [0x0000000760000000, 0x0000000773100000, 0x00000007a0000000)
  object space 312320K, 55% used [0x0000000760000000,0x000000076a7d00e0,0x0000000773100000)
 Metaspace       used 101026K, capacity 108292K, committed 142592K, reserved 1173504K
  class space    used 12588K, capacity 13844K, committed 18176K, reserved 1048576K
Event: 11700.570 GC heap after
Heap after GC invocations=140 (full 6):
 PSYoungGen      total 344064K, used 65532K [0x00000007a0000000, 0x00000007c0000000, 0x00000007c0000000)
  eden space 278528K, 0% used [0x00000007a0000000,0x00000007a0000000,0x00000007b1000000)
  from space 65536K, 99% used [0x00000007bc000000,0x00000007bffff3f8,0x00000007c0000000)
  to   space 122880K, 0% used [0x00000007b1000000,0x00000007b1000000,0x00000007b8800000)
 ParOldGen       total 312320K, used 271193K [0x0000000760000000, 0x0000000773100000, 0x00000007a0000000)
  object space 312320K, 86% used [0x0000000760000000,0x00000007708d64c8,0x0000000773100000)
 Metaspace       used 101026K, capacity 108292K, committed 142592K, reserved 1173504K
  class space    used 12588K, capacity 13844K, committed 18176K, reserved 1048576K
}
Event: 11700.570 GC heap before
{Heap before GC invocations=141 (full 7):
 PSYoungGen      total 344064K, used 65532K [0x00000007a0000000, 0x00000007c0000000, 0x00000007c0000000)
  eden space 278528K, 0% used [0x00000007a0000000,0x00000007a0000000,0x00000007b1000000)
  from space 65536K, 99% used [0x00000007bc000000,0x00000007bffff3f8,0x00000007c0000000)
  to   space 122880K, 0% used [0x00000007b1000000,0x00000007b1000000,0x00000007b8800000)
 ParOldGen       total 312320K, used 271193K [0x0000000760000000, 0x0000000773100000, 0x00000007a0000000)
  object space 312320K, 86% used [0x0000000760000000,0x00000007708d64c8,0x0000000773100000)
 Metaspace       used 101026K, capacity 108292K, committed 142592K, reserved 1173504K
  class space    used 12588K, capacity 13844K, committed 18176K, reserved 1048576K
Event: 11703.814 GC heap after
Heap after GC invocations=141 (full 7):
 PSYoungGen      total 344064K, used 0K [0x00000007a0000000, 0x00000007c0000000, 0x00000007c0000000)
  eden space 278528K, 0% used [0x00000007a0000000,0x00000007a0000000,0x00000007b1000000)
  from space 65536K, 0% used [0x00000007bc000000,0x00000007bc000000,0x00000007c0000000)
  to   space 122880K, 0% used [0x00000007b1000000,0x00000007b1000000,0x00000007b8800000)
 ParOldGen       total 477184K, used 267966K [0x0000000760000000, 0x000000077d200000, 0x00000007a0000000)
  object space 477184K, 56% used [0x0000000760000000,0x00000007705afb18,0x000000077d200000)
 Metaspace       used 101026K, capacity 108292K, committed 142592K, reserved 1173504K
  class space    used 12588K, capacity 13844K, committed 18176K, reserved 1048576K
}

