# JRE version: OpenJDK Runtime Environment (8.0_242) (build 1.8.0_242-release-1644-b3-6222593)
# Java VM: OpenJDK 64-Bit Server VM (25.242-b3-6222593 mixed mode bsd-amd64 compressed oops)
Heap:
 PSYoungGen      total 352768K, used 199478K [0x00000007a0000000, 0x00000007c0000000, 0x00000007c0000000)
  eden space 210944K, 27% used [0x00000007a0000000,0x00000007a387b380,0x00000007ace00000)
  from space 141824K, 99% used [0x00000007ace00000,0x00000007b5852758,0x00000007b5880000)
  to   space 171520K, 0% used [0x00000007b5880000,0x00000007b5880000,0x00000007c0000000)
 ParOldGen       total 458752K, used 302477K [0x0000000760000000, 0x000000077c000000, 0x00000007a0000000)
  object space 458752K, 65% used [0x0000000760000000,0x00000007727637e0,0x000000077c000000)
 Metaspace       used 191692K, capacity 205138K, committed 223360K, reserved 1236992K
  class space    used 21734K, capacity 25259K, committed 35968K, reserved 1048576K
GC Heap History (10 events):
Event: 119793.590 GC heap before
{Heap before GC invocations=678 (full 17):
 PSYoungGen      total 454656K, used 454637K [0x00000007a0000000, 0x00000007c0000000, 0x00000007c0000000)
  eden space 399360K, 100% used [0x00000007a0000000,0x00000007b8600000,0x00000007b8600000)
  from space 55296K, 99% used [0x00000007bca00000,0x00000007bfffb458,0x00000007c0000000)
  to   space 62464K, 0% used [0x00000007b8600000,0x00000007b8600000,0x00000007bc300000)
 ParOldGen       total 458752K, used 158468K [0x0000000760000000, 0x000000077c000000, 0x00000007a0000000)
  object space 458752K, 34% used [0x0000000760000000,0x0000000769ac1060,0x000000077c000000)
 Metaspace       used 191685K, capacity 205132K, committed 223360K, reserved 1236992K
  class space    used 21734K, capacity 25258K, committed 35968K, reserved 1048576K
Event: 119794.330 GC heap after
Heap after GC invocations=678 (full 17):
 PSYoungGen      total 461824K, used 62440K [0x00000007a0000000, 0x00000007c0000000, 0x00000007c0000000)
  eden space 399360K, 0% used [0x00000007a0000000,0x00000007a0000000,0x00000007b8600000)
  from space 62464K, 99% used [0x00000007b8600000,0x00000007bc2fa0f8,0x00000007bc300000)
  to   space 62464K, 0% used [0x00000007bc300000,0x00000007bc300000,0x00000007c0000000)
 ParOldGen       total 458752K, used 174036K [0x0000000760000000, 0x000000077c000000, 0x00000007a0000000)
  object space 458752K, 37% used [0x0000000760000000,0x000000076a9f53d8,0x000000077c000000)
 Metaspace       used 191685K, capacity 205132K, committed 223360K, reserved 1236992K
  class space    used 21734K, capacity 25258K, committed 35968K, reserved 1048576K
}
Event: 119795.056 GC heap before
{Heap before GC invocations=679 (full 17):
 PSYoungGen      total 461824K, used 461800K [0x00000007a0000000, 0x00000007c0000000, 0x00000007c0000000)
  eden space 399360K, 100% used [0x00000007a0000000,0x00000007b8600000,0x00000007b8600000)
  from space 62464K, 99% used [0x00000007b8600000,0x00000007bc2fa0f8,0x00000007bc300000)
  to   space 62464K, 0% used [0x00000007bc300000,0x00000007bc300000,0x00000007c0000000)
 ParOldGen       total 458752K, used 174036K [0x0000000760000000, 0x000000077c000000, 0x00000007a0000000)
  object space 458752K, 37% used [0x0000000760000000,0x000000076a9f53d8,0x000000077c000000)
 Metaspace       used 191688K, capacity 205138K, committed 223360K, reserved 1236992K
  class space    used 21734K, capacity 25259K, committed 35968K, reserved 1048576K
Event: 119796.722 GC heap after
Heap after GC invocations=679 (full 17):
 PSYoungGen      total 375808K, used 62446K [0x00000007a0000000, 0x00000007c0000000, 0x00000007c0000000)
  eden space 313344K, 0% used [0x00000007a0000000,0x00000007a0000000,0x00000007b3200000)
  from space 62464K, 99% used [0x00000007bc300000,0x00000007bfffbb80,0x00000007c0000000)
  to   space 105472K, 0% used [0x00000007b3200000,0x00000007b3200000,0x00000007b9900000)
 ParOldGen       total 458752K, used 238804K [0x0000000760000000, 0x000000077c000000, 0x00000007a0000000)
  object space 458752K, 52% used [0x0000000760000000,0x000000076e9353c0,0x000000077c000000)
 Metaspace       used 191688K, capacity 205138K, committed 223360K, reserved 1236992K
  class space    used 21734K, capacity 25259K, committed 35968K, reserved 1048576K
}
Event: 119797.021 GC heap before
{Heap before GC invocations=680 (full 17):
 PSYoungGen      total 375808K, used 375790K [0x00000007a0000000, 0x00000007c0000000, 0x00000007c0000000)
  eden space 313344K, 100% used [0x00000007a0000000,0x00000007b3200000,0x00000007b3200000)
  from space 62464K, 99% used [0x00000007bc300000,0x00000007bfffbb80,0x00000007c0000000)
  to   space 105472K, 0% used [0x00000007b3200000,0x00000007b3200000,0x00000007b9900000)
 ParOldGen       total 458752K, used 238804K [0x0000000760000000, 0x000000077c000000, 0x00000007a0000000)
  object space 458752K, 52% used [0x0000000760000000,0x000000076e9353c0,0x000000077c000000)
 Metaspace       used 191688K, capacity 205138K, committed 223360K, reserved 1236992K
  class space    used 21734K, capacity 25259K, committed 35968K, reserved 1048576K
Event: 119797.406 GC heap after
Heap after GC invocations=680 (full 17):
 PSYoungGen      total 418816K, used 105443K [0x00000007a0000000, 0x00000007c0000000, 0x00000007c0000000)
  eden space 313344K, 0% used [0x00000007a0000000,0x00000007a0000000,0x00000007b3200000)
  from space 105472K, 99% used [0x00000007b3200000,0x00000007b98f8cb0,0x00000007b9900000)
  to   space 105472K, 0% used [0x00000007b9900000,0x00000007b9900000,0x00000007c0000000)
 ParOldGen       total 458752K, used 257165K [0x0000000760000000, 0x000000077c000000, 0x00000007a0000000)
  object space 458752K, 56% used [0x0000000760000000,0x000000076fb23418,0x000000077c000000)
 Metaspace       used 191688K, capacity 205138K, committed 223360K, reserved 1236992K
  class space    used 21734K, capacity 25259K, committed 35968K, reserved 1048576K
}
Event: 119797.656 GC heap before
{Heap before GC invocations=681 (full 17):
 PSYoungGen      total 418816K, used 418787K [0x00000007a0000000, 0x00000007c0000000, 0x00000007c0000000)
  eden space 313344K, 100% used [0x00000007a0000000,0x00000007b3200000,0x00000007b3200000)
  from space 105472K, 99% used [0x00000007b3200000,0x00000007b98f8cb0,0x00000007b9900000)
  to   space 105472K, 0% used [0x00000007b9900000,0x00000007b9900000,0x00000007c0000000)
 ParOldGen       total 458752K, used 257165K [0x0000000760000000, 0x000000077c000000, 0x00000007a0000000)
  object space 458752K, 56% used [0x0000000760000000,0x000000076fb23418,0x000000077c000000)
 Metaspace       used 191688K, capacity 205138K, committed 223360K, reserved 1236992K
  class space    used 21734K, capacity 25259K, committed 35968K, reserved 1048576K
Event: 119798.274 GC heap after
Heap after GC invocations=681 (full 17):
 PSYoungGen      total 316416K, used 105446K [0x00000007a0000000, 0x00000007c0000000, 0x00000007c0000000)
  eden space 210944K, 0% used [0x00000007a0000000,0x00000007a0000000,0x00000007ace00000)
  from space 105472K, 99% used [0x00000007b9900000,0x00000007bfff9a98,0x00000007c0000000)
  to   space 156672K, 0% used [0x00000007ace00000,0x00000007ace00000,0x00000007b6700000)
 ParOldGen       total 458752K, used 302445K [0x0000000760000000, 0x000000077c000000, 0x00000007a0000000)
  object space 458752K, 65% used [0x0000000760000000,0x000000077275b7e0,0x000000077c000000)
 Metaspace       used 191688K, capacity 205138K, committed 223360K, reserved 1236992K
  class space    used 21734K, capacity 25259K, committed 35968K, reserved 1048576K
}
Event: 119798.677 GC heap before
{Heap before GC invocations=682 (full 17):
 PSYoungGen      total 316416K, used 316390K [0x00000007a0000000, 0x00000007c0000000, 0x00000007c0000000)
  eden space 210944K, 100% used [0x00000007a0000000,0x00000007ace00000,0x00000007ace00000)
  from space 105472K, 99% used [0x00000007b9900000,0x00000007bfff9a98,0x00000007c0000000)
  to   space 156672K, 0% used [0x00000007ace00000,0x00000007ace00000,0x00000007b6700000)
 ParOldGen       total 458752K, used 302445K [0x0000000760000000, 0x000000077c000000, 0x00000007a0000000)
  object space 458752K, 65% used [0x0000000760000000,0x000000077275b7e0,0x000000077c000000)
 Metaspace       used 191688K, capacity 205138K, committed 223360K, reserved 1236992K
  class space    used 21734K, capacity 25259K, committed 35968K, reserved 1048576K
Event: 119798.869 GC heap after
Heap after GC invocations=682 (full 17):
 PSYoungGen      total 352768K, used 141641K [0x00000007a0000000, 0x00000007c0000000, 0x00000007c0000000)
  eden space 210944K, 0% used [0x00000007a0000000,0x00000007a0000000,0x00000007ace00000)
  from space 141824K, 99% used [0x00000007ace00000,0x00000007b5852758,0x00000007b5880000)
  to   space 171520K, 0% used [0x00000007b5880000,0x00000007b5880000,0x00000007c0000000)
 ParOldGen       total 458752K, used 302477K [0x0000000760000000, 0x000000077c000000, 0x00000007a0000000)
  object space 458752K, 65% used [0x0000000760000000,0x00000007727637e0,0x000000077c000000)
 Metaspace       used 191688K, capacity 205138K, committed 223360K, reserved 1236992K
  class space    used 21734K, capacity 25259K, committed 35968K, reserved 1048576K
}

